torch.Size([128, 9])
cuda
Epoch [1/10], Step [10/476], train Loss: 1.0035
Epoch [1/10], Step [20/476], train Loss: 1.0344
Epoch [1/10], Step [30/476], train Loss: 1.0242
Epoch [1/10], Step [40/476], train Loss: 0.9361
Epoch [1/10], Step [50/476], train Loss: 0.8560
Epoch [1/10], Step [60/476], train Loss: 0.8321
Epoch [1/10], Step [70/476], train Loss: 0.8043
Epoch [1/10], Step [80/476], train Loss: 0.7440
Epoch [1/10], Step [90/476], train Loss: 0.7676
Epoch [1/10], Step [100/476], train Loss: 0.6594, val Loss: 0.6657
New best model 💫💫 found.   loss: 0.6657
Epoch [1/10], Step [110/476], train Loss: 0.7030
Epoch [1/10], Step [120/476], train Loss: 0.6150
Epoch [1/10], Step [130/476], train Loss: 0.6397
Epoch [1/10], Step [140/476], train Loss: 0.6694
Epoch [1/10], Step [150/476], train Loss: 0.5607
Epoch [1/10], Step [160/476], train Loss: 0.5548
Epoch [1/10], Step [170/476], train Loss: 0.5761
Epoch [1/10], Step [180/476], train Loss: 0.5734
Epoch [1/10], Step [190/476], train Loss: 0.5557
Epoch [1/10], Step [200/476], train Loss: 0.5927, val Loss: 0.5646
New best model 💫💫 found.   loss: 0.5646
Epoch [1/10], Step [210/476], train Loss: 0.5697
Epoch [1/10], Step [220/476], train Loss: 0.5355
Epoch [1/10], Step [230/476], train Loss: 0.6022
Epoch [1/10], Step [240/476], train Loss: 0.5457
Epoch [1/10], Step [250/476], train Loss: 0.6000
Epoch [1/10], Step [260/476], train Loss: 0.5440
Epoch [1/10], Step [270/476], train Loss: 0.5610
Epoch [1/10], Step [280/476], train Loss: 0.5544
Epoch [1/10], Step [290/476], train Loss: 0.4943
Epoch [1/10], Step [300/476], train Loss: 0.5909, val Loss: 0.5367
New best model 💫💫 found.   loss: 0.5367
Epoch [1/10], Step [310/476], train Loss: 0.5430
Epoch [1/10], Step [320/476], train Loss: 0.5141
Epoch [1/10], Step [330/476], train Loss: 0.5612
Epoch [1/10], Step [340/476], train Loss: 0.5266
Epoch [1/10], Step [350/476], train Loss: 0.4922
Epoch [1/10], Step [360/476], train Loss: 0.5075
Epoch [1/10], Step [370/476], train Loss: 0.5911
Epoch [1/10], Step [380/476], train Loss: 0.5341
Epoch [1/10], Step [390/476], train Loss: 0.4660
Epoch [1/10], Step [400/476], train Loss: 0.4491, val Loss: 0.5174
New best model 💫💫 found.   loss: 0.5174
Epoch [1/10], Step [410/476], train Loss: 0.5022
Epoch [1/10], Step [420/476], train Loss: 0.5043
Epoch [1/10], Step [430/476], train Loss: 0.4748
Epoch [1/10], Step [440/476], train Loss: 0.5186
Epoch [1/10], Step [450/476], train Loss: 0.5249
Epoch [1/10], Step [460/476], train Loss: 0.5591
Epoch [1/10], Step [470/476], train Loss: 0.5250
Epoch [2/10], Step [10/476], train Loss: 0.4688
Epoch [2/10], Step [20/476], train Loss: 0.5086
Epoch [2/10], Step [30/476], train Loss: 0.5651
Epoch [2/10], Step [40/476], train Loss: 0.4987
Epoch [2/10], Step [50/476], train Loss: 0.4648
Epoch [2/10], Step [60/476], train Loss: 0.5151
Epoch [2/10], Step [70/476], train Loss: 0.5259
Epoch [2/10], Step [80/476], train Loss: 0.4746
Epoch [2/10], Step [90/476], train Loss: 0.5081
Epoch [2/10], Step [100/476], train Loss: 0.5016, val Loss: 0.5087
New best model 💫💫 found.   loss: 0.5087
Epoch [2/10], Step [110/476], train Loss: 0.5097
Epoch [2/10], Step [120/476], train Loss: 0.4757
Epoch [2/10], Step [130/476], train Loss: 0.4932
Epoch [2/10], Step [140/476], train Loss: 0.4422
Epoch [2/10], Step [150/476], train Loss: 0.4533
Epoch [2/10], Step [160/476], train Loss: 0.4599
Epoch [2/10], Step [170/476], train Loss: 0.5248
Epoch [2/10], Step [180/476], train Loss: 0.4909
Epoch [2/10], Step [190/476], train Loss: 0.4819
Epoch [2/10], Step [200/476], train Loss: 0.4564, val Loss: 0.4927
New best model 💫💫 found.   loss: 0.4927
Epoch [2/10], Step [210/476], train Loss: 0.4614
Epoch [2/10], Step [220/476], train Loss: 0.5005
Epoch [2/10], Step [230/476], train Loss: 0.4869
Epoch [2/10], Step [240/476], train Loss: 0.4394
Epoch [2/10], Step [250/476], train Loss: 0.4469
Epoch [2/10], Step [260/476], train Loss: 0.4692
Epoch [2/10], Step [270/476], train Loss: 0.4887
Epoch [2/10], Step [280/476], train Loss: 0.4490
Epoch [2/10], Step [290/476], train Loss: 0.4719
Epoch [2/10], Step [300/476], train Loss: 0.4585, val Loss: 0.4787
New best model 💫💫 found.   loss: 0.4787
Epoch [2/10], Step [310/476], train Loss: 0.4784
Epoch [2/10], Step [320/476], train Loss: 0.4670
Epoch [2/10], Step [330/476], train Loss: 0.4670
Epoch [2/10], Step [340/476], train Loss: 0.4863
Epoch [2/10], Step [350/476], train Loss: 0.4858
Epoch [2/10], Step [360/476], train Loss: 0.4317
Epoch [2/10], Step [370/476], train Loss: 0.4797
Epoch [2/10], Step [380/476], train Loss: 0.4457
Epoch [2/10], Step [390/476], train Loss: 0.4151
Epoch [2/10], Step [400/476], train Loss: 0.4532, val Loss: 0.4731
New best model 💫💫 found.   loss: 0.4731
Epoch [2/10], Step [410/476], train Loss: 0.4893
Epoch [2/10], Step [420/476], train Loss: 0.4333
Epoch [2/10], Step [430/476], train Loss: 0.4814
Epoch [2/10], Step [440/476], train Loss: 0.4793
Epoch [2/10], Step [450/476], train Loss: 0.4829
Epoch [2/10], Step [460/476], train Loss: 0.4669
Epoch [2/10], Step [470/476], train Loss: 0.4766
Epoch [3/10], Step [10/476], train Loss: 0.4698
Epoch [3/10], Step [20/476], train Loss: 0.4711
Epoch [3/10], Step [30/476], train Loss: 0.4461
Epoch [3/10], Step [40/476], train Loss: 0.4692
Epoch [3/10], Step [50/476], train Loss: 0.4915
Epoch [3/10], Step [60/476], train Loss: 0.4206
Epoch [3/10], Step [70/476], train Loss: 0.4139
Epoch [3/10], Step [80/476], train Loss: 0.4828
Epoch [3/10], Step [90/476], train Loss: 0.4391
Epoch [3/10], Step [100/476], train Loss: 0.5152, val Loss: 0.4614
New best model 💫💫 found.   loss: 0.4614
Epoch [3/10], Step [110/476], train Loss: 0.4487
Epoch [3/10], Step [120/476], train Loss: 0.4896
Epoch [3/10], Step [130/476], train Loss: 0.4143
Epoch [3/10], Step [140/476], train Loss: 0.4425
Epoch [3/10], Step [150/476], train Loss: 0.4870
Epoch [3/10], Step [160/476], train Loss: 0.4715
Epoch [3/10], Step [170/476], train Loss: 0.5028
Epoch [3/10], Step [180/476], train Loss: 0.4626
Epoch [3/10], Step [190/476], train Loss: 0.4757
Epoch [3/10], Step [200/476], train Loss: 0.4407, val Loss: 0.4600
New best model 💫💫 found.   loss: 0.4600
Epoch [3/10], Step [210/476], train Loss: 0.4643
Epoch [3/10], Step [220/476], train Loss: 0.4239
Epoch [3/10], Step [230/476], train Loss: 0.4394
Epoch [3/10], Step [240/476], train Loss: 0.5067
Epoch [3/10], Step [250/476], train Loss: 0.4554
Epoch [3/10], Step [260/476], train Loss: 0.4745
Epoch [3/10], Step [270/476], train Loss: 0.4706
Epoch [3/10], Step [280/476], train Loss: 0.4817
Epoch [3/10], Step [290/476], train Loss: 0.4798
Epoch [3/10], Step [300/476], train Loss: 0.4563, val Loss: 0.4468
New best model 💫💫 found.   loss: 0.4468
Epoch [3/10], Step [310/476], train Loss: 0.4636
Epoch [3/10], Step [320/476], train Loss: 0.4892
Epoch [3/10], Step [330/476], train Loss: 0.5077
Epoch [3/10], Step [340/476], train Loss: 0.4389
Epoch [3/10], Step [350/476], train Loss: 0.4469
Epoch [3/10], Step [360/476], train Loss: 0.4910
Epoch [3/10], Step [370/476], train Loss: 0.4111
Epoch [3/10], Step [380/476], train Loss: 0.4558
Epoch [3/10], Step [390/476], train Loss: 0.4545
Epoch [3/10], Step [400/476], train Loss: 0.4421, val Loss: 0.4449
New best model 💫💫 found.   loss: 0.4449
Epoch [3/10], Step [410/476], train Loss: 0.4433
Epoch [3/10], Step [420/476], train Loss: 0.4498
Epoch [3/10], Step [430/476], train Loss: 0.4186
Epoch [3/10], Step [440/476], train Loss: 0.4201
Epoch [3/10], Step [450/476], train Loss: 0.4242
Epoch [3/10], Step [460/476], train Loss: 0.4566
Epoch [3/10], Step [470/476], train Loss: 0.4386
Epoch [4/10], Step [10/476], train Loss: 0.4529
Epoch [4/10], Step [20/476], train Loss: 0.4723
Epoch [4/10], Step [30/476], train Loss: 0.4420
Epoch [4/10], Step [40/476], train Loss: 0.4496
Epoch [4/10], Step [50/476], train Loss: 0.4538
Epoch [4/10], Step [60/476], train Loss: 0.4619
Epoch [4/10], Step [70/476], train Loss: 0.4577
Epoch [4/10], Step [80/476], train Loss: 0.4556
Epoch [4/10], Step [90/476], train Loss: 0.4511
Epoch [4/10], Step [100/476], train Loss: 0.3994, val Loss: 0.4423
New best model 💫💫 found.   loss: 0.4423
Epoch [4/10], Step [110/476], train Loss: 0.4066
Epoch [4/10], Step [120/476], train Loss: 0.4418
Epoch [4/10], Step [130/476], train Loss: 0.4394
Epoch [4/10], Step [140/476], train Loss: 0.4164
Epoch [4/10], Step [150/476], train Loss: 0.4481
Epoch [4/10], Step [160/476], train Loss: 0.4262
Epoch [4/10], Step [170/476], train Loss: 0.4082
Epoch [4/10], Step [180/476], train Loss: 0.4200
Epoch [4/10], Step [190/476], train Loss: 0.4045
Epoch [4/10], Step [200/476], train Loss: 0.4841, val Loss: 0.4402
New best model 💫💫 found.   loss: 0.4402
Epoch [4/10], Step [210/476], train Loss: 0.4487
Epoch [4/10], Step [220/476], train Loss: 0.4288
Epoch [4/10], Step [230/476], train Loss: 0.4395
Epoch [4/10], Step [240/476], train Loss: 0.4371
Epoch [4/10], Step [250/476], train Loss: 0.4416
Epoch [4/10], Step [260/476], train Loss: 0.4292
Epoch [4/10], Step [270/476], train Loss: 0.4382
Epoch [4/10], Step [280/476], train Loss: 0.4403
Epoch [4/10], Step [290/476], train Loss: 0.4179
Epoch [4/10], Step [300/476], train Loss: 0.4490, val Loss: 0.4320
New best model 💫💫 found.   loss: 0.4320
Epoch [4/10], Step [310/476], train Loss: 0.4137
Epoch [4/10], Step [320/476], train Loss: 0.4285
Epoch [4/10], Step [330/476], train Loss: 0.4413
Epoch [4/10], Step [340/476], train Loss: 0.4256
Epoch [4/10], Step [350/476], train Loss: 0.4216
Epoch [4/10], Step [360/476], train Loss: 0.4199
Epoch [4/10], Step [370/476], train Loss: 0.4113
Epoch [4/10], Step [380/476], train Loss: 0.4047
Epoch [4/10], Step [390/476], train Loss: 0.4076
Epoch [4/10], Step [400/476], train Loss: 0.4520, val Loss: 0.4302
New best model 💫💫 found.   loss: 0.4302
Epoch [4/10], Step [410/476], train Loss: 0.4530
Epoch [4/10], Step [420/476], train Loss: 0.4267
Epoch [4/10], Step [430/476], train Loss: 0.4176
Epoch [4/10], Step [440/476], train Loss: 0.4695
Epoch [4/10], Step [450/476], train Loss: 0.3986
Epoch [4/10], Step [460/476], train Loss: 0.4165
Epoch [4/10], Step [470/476], train Loss: 0.3998
Epoch [5/10], Step [10/476], train Loss: 0.4235
Epoch [5/10], Step [20/476], train Loss: 0.4190
Epoch [5/10], Step [30/476], train Loss: 0.3988
Epoch [5/10], Step [40/476], train Loss: 0.4371
Epoch [5/10], Step [50/476], train Loss: 0.4177
Epoch [5/10], Step [60/476], train Loss: 0.4260
Epoch [5/10], Step [70/476], train Loss: 0.4295
Epoch [5/10], Step [80/476], train Loss: 0.4537
Epoch [5/10], Step [90/476], train Loss: 0.3996
Epoch [5/10], Step [100/476], train Loss: 0.4362, val Loss: 0.4251
New best model 💫💫 found.   loss: 0.4251
Epoch [5/10], Step [110/476], train Loss: 0.4477
Epoch [5/10], Step [120/476], train Loss: 0.4252
Epoch [5/10], Step [130/476], train Loss: 0.4199
Epoch [5/10], Step [140/476], train Loss: 0.3784
Epoch [5/10], Step [150/476], train Loss: 0.3993
Epoch [5/10], Step [160/476], train Loss: 0.4294
Epoch [5/10], Step [170/476], train Loss: 0.4309
Epoch [5/10], Step [180/476], train Loss: 0.4088
Epoch [5/10], Step [190/476], train Loss: 0.4145
Epoch [5/10], Step [200/476], train Loss: 0.4992, val Loss: 0.4210
New best model 💫💫 found.   loss: 0.4210
Epoch [5/10], Step [210/476], train Loss: 0.4055
Epoch [5/10], Step [220/476], train Loss: 0.4418
Epoch [5/10], Step [230/476], train Loss: 0.4298
Epoch [5/10], Step [240/476], train Loss: 0.4108
Epoch [5/10], Step [250/476], train Loss: 0.4175
Epoch [5/10], Step [260/476], train Loss: 0.3956
Epoch [5/10], Step [270/476], train Loss: 0.4276
Epoch [5/10], Step [280/476], train Loss: 0.3941
Epoch [5/10], Step [290/476], train Loss: 0.4209
Epoch [5/10], Step [300/476], train Loss: 0.4306, val Loss: 0.4106
New best model 💫💫 found.   loss: 0.4106
Epoch [5/10], Step [310/476], train Loss: 0.4124
Epoch [5/10], Step [320/476], train Loss: 0.4076
Epoch [5/10], Step [330/476], train Loss: 0.4155
Epoch [5/10], Step [340/476], train Loss: 0.4122
Epoch [5/10], Step [350/476], train Loss: 0.4154
Epoch [5/10], Step [360/476], train Loss: 0.4248
Epoch [5/10], Step [370/476], train Loss: 0.4284
Epoch [5/10], Step [380/476], train Loss: 0.3777
Epoch [5/10], Step [390/476], train Loss: 0.4246
Epoch [5/10], Step [400/476], train Loss: 0.4258, val Loss: 0.4073
New best model 💫💫 found.   loss: 0.4073
Epoch [5/10], Step [410/476], train Loss: 0.4337
Epoch [5/10], Step [420/476], train Loss: 0.4174
Epoch [5/10], Step [430/476], train Loss: 0.4093
Epoch [5/10], Step [440/476], train Loss: 0.3967
Epoch [5/10], Step [450/476], train Loss: 0.4110
Epoch [5/10], Step [460/476], train Loss: 0.4111
Epoch [5/10], Step [470/476], train Loss: 0.3872
Epoch [6/10], Step [10/476], train Loss: 0.4165
Epoch [6/10], Step [20/476], train Loss: 0.4123
Epoch [6/10], Step [30/476], train Loss: 0.4191
Epoch [6/10], Step [40/476], train Loss: 0.4046
Epoch [6/10], Step [50/476], train Loss: 0.3960
Epoch [6/10], Step [60/476], train Loss: 0.3995
Epoch [6/10], Step [70/476], train Loss: 0.3879
Epoch [6/10], Step [80/476], train Loss: 0.3791
Epoch [6/10], Step [90/476], train Loss: 0.4214
Epoch [6/10], Step [100/476], train Loss: 0.4162, val Loss: 0.4047
New best model 💫💫 found.   loss: 0.4047
Epoch [6/10], Step [110/476], train Loss: 0.3845
Epoch [6/10], Step [120/476], train Loss: 0.3854
Epoch [6/10], Step [130/476], train Loss: 0.3936
Epoch [6/10], Step [140/476], train Loss: 0.4058
Epoch [6/10], Step [150/476], train Loss: 0.4304
Epoch [6/10], Step [160/476], train Loss: 0.4091
Epoch [6/10], Step [170/476], train Loss: 0.4464
Epoch [6/10], Step [180/476], train Loss: 0.4237
Epoch [6/10], Step [190/476], train Loss: 0.3964
Epoch [6/10], Step [200/476], train Loss: 0.3939, val Loss: 0.4053
Epoch [6/10], Step [210/476], train Loss: 0.4009
Epoch [6/10], Step [220/476], train Loss: 0.4218
Epoch [6/10], Step [230/476], train Loss: 0.3859
Epoch [6/10], Step [240/476], train Loss: 0.4045
Epoch [6/10], Step [250/476], train Loss: 0.4130
Epoch [6/10], Step [260/476], train Loss: 0.3722
Epoch [6/10], Step [270/476], train Loss: 0.3581
Epoch [6/10], Step [280/476], train Loss: 0.4144
Epoch [6/10], Step [290/476], train Loss: 0.3954
Epoch [6/10], Step [300/476], train Loss: 0.4470, val Loss: 0.3996
New best model 💫💫 found.   loss: 0.3996
Epoch [6/10], Step [310/476], train Loss: 0.4140
Epoch [6/10], Step [320/476], train Loss: 0.3884
Epoch [6/10], Step [330/476], train Loss: 0.4486
Epoch [6/10], Step [340/476], train Loss: 0.4025
Epoch [6/10], Step [350/476], train Loss: 0.3893
Epoch [6/10], Step [360/476], train Loss: 0.4298
Epoch [6/10], Step [370/476], train Loss: 0.4333
Epoch [6/10], Step [380/476], train Loss: 0.3501
Epoch [6/10], Step [390/476], train Loss: 0.4002
Epoch [6/10], Step [400/476], train Loss: 0.3936, val Loss: 0.3927
New best model 💫💫 found.   loss: 0.3927
Epoch [6/10], Step [410/476], train Loss: 0.4264
Epoch [6/10], Step [420/476], train Loss: 0.4006
Epoch [6/10], Step [430/476], train Loss: 0.3848
Epoch [6/10], Step [440/476], train Loss: 0.3951
Epoch [6/10], Step [450/476], train Loss: 0.3758
Epoch [6/10], Step [460/476], train Loss: 0.3725
Epoch [6/10], Step [470/476], train Loss: 0.3897
Epoch [7/10], Step [10/476], train Loss: 0.3855
Epoch [7/10], Step [20/476], train Loss: 0.3986
Epoch [7/10], Step [30/476], train Loss: 0.3892
Epoch [7/10], Step [40/476], train Loss: 0.3997
Epoch [7/10], Step [50/476], train Loss: 0.4121
Epoch [7/10], Step [60/476], train Loss: 0.3699
Epoch [7/10], Step [70/476], train Loss: 0.3798
Epoch [7/10], Step [80/476], train Loss: 0.3888
Epoch [7/10], Step [90/476], train Loss: 0.3529
Epoch [7/10], Step [100/476], train Loss: 0.4052, val Loss: 0.3898
New best model 💫💫 found.   loss: 0.3898
Epoch [7/10], Step [110/476], train Loss: 0.3914
Epoch [7/10], Step [120/476], train Loss: 0.4082
Epoch [7/10], Step [130/476], train Loss: 0.4257
Epoch [7/10], Step [140/476], train Loss: 0.3894
Epoch [7/10], Step [150/476], train Loss: 0.3910
Epoch [7/10], Step [160/476], train Loss: 0.3823
Epoch [7/10], Step [170/476], train Loss: 0.3749
Epoch [7/10], Step [180/476], train Loss: 0.3922
Epoch [7/10], Step [190/476], train Loss: 0.3862
Epoch [7/10], Step [200/476], train Loss: 0.3550, val Loss: 0.3913
Epoch [7/10], Step [210/476], train Loss: 0.4063
Epoch [7/10], Step [220/476], train Loss: 0.4069
Epoch [7/10], Step [230/476], train Loss: 0.4083
Epoch [7/10], Step [240/476], train Loss: 0.3789
Epoch [7/10], Step [250/476], train Loss: 0.4016
Epoch [7/10], Step [260/476], train Loss: 0.3696
Epoch [7/10], Step [270/476], train Loss: 0.4037
Epoch [7/10], Step [280/476], train Loss: 0.3764
Epoch [7/10], Step [290/476], train Loss: 0.3895
Epoch [7/10], Step [300/476], train Loss: 0.3890, val Loss: 0.3852
New best model 💫💫 found.   loss: 0.3852
Epoch [7/10], Step [310/476], train Loss: 0.3846
Epoch [7/10], Step [320/476], train Loss: 0.3623
Epoch [7/10], Step [330/476], train Loss: 0.3670
Epoch [7/10], Step [340/476], train Loss: 0.3938
Epoch [7/10], Step [350/476], train Loss: 0.3673
Epoch [7/10], Step [360/476], train Loss: 0.3692
Epoch [7/10], Step [370/476], train Loss: 0.3669
Epoch [7/10], Step [380/476], train Loss: 0.3843
Epoch [7/10], Step [390/476], train Loss: 0.3809
Epoch [7/10], Step [400/476], train Loss: 0.3804, val Loss: 0.3842
New best model 💫💫 found.   loss: 0.3842
Epoch [7/10], Step [410/476], train Loss: 0.3910
Epoch [7/10], Step [420/476], train Loss: 0.3434
Epoch [7/10], Step [430/476], train Loss: 0.3851
Epoch [7/10], Step [440/476], train Loss: 0.3554
Epoch [7/10], Step [450/476], train Loss: 0.3411
Epoch [7/10], Step [460/476], train Loss: 0.4105
Epoch [7/10], Step [470/476], train Loss: 0.3665
Epoch [8/10], Step [10/476], train Loss: 0.3582
Epoch [8/10], Step [20/476], train Loss: 0.3900
Epoch [8/10], Step [30/476], train Loss: 0.3885
Epoch [8/10], Step [40/476], train Loss: 0.3464
Epoch [8/10], Step [50/476], train Loss: 0.3632
Epoch [8/10], Step [60/476], train Loss: 0.3747
Epoch [8/10], Step [70/476], train Loss: 0.3615
Epoch [8/10], Step [80/476], train Loss: 0.3878
Epoch [8/10], Step [90/476], train Loss: 0.3576
Epoch [8/10], Step [100/476], train Loss: 0.4009, val Loss: 0.3734
New best model 💫💫 found.   loss: 0.3734
Epoch [8/10], Step [110/476], train Loss: 0.3834
Epoch [8/10], Step [120/476], train Loss: 0.3512
Epoch [8/10], Step [130/476], train Loss: 0.3773
Epoch [8/10], Step [140/476], train Loss: 0.3529
Epoch [8/10], Step [150/476], train Loss: 0.3444
Epoch [8/10], Step [160/476], train Loss: 0.3620
Epoch [8/10], Step [170/476], train Loss: 0.3378
Epoch [8/10], Step [180/476], train Loss: 0.3734
Epoch [8/10], Step [190/476], train Loss: 0.3618
Epoch [8/10], Step [200/476], train Loss: 0.3912, val Loss: 0.3747
Epoch [8/10], Step [210/476], train Loss: 0.3990
Epoch [8/10], Step [220/476], train Loss: 0.3719
Epoch [8/10], Step [230/476], train Loss: 0.3275
Epoch [8/10], Step [240/476], train Loss: 0.3744
Epoch [8/10], Step [250/476], train Loss: 0.3984
Epoch [8/10], Step [260/476], train Loss: 0.3764
Epoch [8/10], Step [270/476], train Loss: 0.3801
Epoch [8/10], Step [280/476], train Loss: 0.3777
Epoch [8/10], Step [290/476], train Loss: 0.3503
Epoch [8/10], Step [300/476], train Loss: 0.3783, val Loss: 0.3719
New best model 💫💫 found.   loss: 0.3719
Epoch [8/10], Step [310/476], train Loss: 0.3505
Epoch [8/10], Step [320/476], train Loss: 0.3736
Epoch [8/10], Step [330/476], train Loss: 0.3400
Epoch [8/10], Step [340/476], train Loss: 0.3440
Epoch [8/10], Step [350/476], train Loss: 0.3577
Epoch [8/10], Step [360/476], train Loss: 0.3782
Epoch [8/10], Step [370/476], train Loss: 0.3503
Epoch [8/10], Step [380/476], train Loss: 0.3724
Epoch [8/10], Step [390/476], train Loss: 0.3669
Epoch [8/10], Step [400/476], train Loss: 0.3522, val Loss: 0.3651
New best model 💫💫 found.   loss: 0.3651
Epoch [8/10], Step [410/476], train Loss: 0.3583
Epoch [8/10], Step [420/476], train Loss: 0.3911
Epoch [8/10], Step [430/476], train Loss: 0.3696
Epoch [8/10], Step [440/476], train Loss: 0.3476
Epoch [8/10], Step [450/476], train Loss: 0.3476
Epoch [8/10], Step [460/476], train Loss: 0.3667
Epoch [8/10], Step [470/476], train Loss: 0.3441
Epoch [9/10], Step [10/476], train Loss: 0.3630
Epoch [9/10], Step [20/476], train Loss: 0.3524
Epoch [9/10], Step [30/476], train Loss: 0.3704
Epoch [9/10], Step [40/476], train Loss: 0.3788
Epoch [9/10], Step [50/476], train Loss: 0.4081
Epoch [9/10], Step [60/476], train Loss: 0.3758
Epoch [9/10], Step [70/476], train Loss: 0.3531
Epoch [9/10], Step [80/476], train Loss: 0.3739
Epoch [9/10], Step [90/476], train Loss: 0.3511
Epoch [9/10], Step [100/476], train Loss: 0.3433, val Loss: 0.3605
New best model 💫💫 found.   loss: 0.3605
Epoch [9/10], Step [110/476], train Loss: 0.3690
Epoch [9/10], Step [120/476], train Loss: 0.3488
Epoch [9/10], Step [130/476], train Loss: 0.3361
Epoch [9/10], Step [140/476], train Loss: 0.3430
Epoch [9/10], Step [150/476], train Loss: 0.3364
Epoch [9/10], Step [160/476], train Loss: 0.3752
Epoch [9/10], Step [170/476], train Loss: 0.3630
Epoch [9/10], Step [180/476], train Loss: 0.3622
Epoch [9/10], Step [190/476], train Loss: 0.3432
Epoch [9/10], Step [200/476], train Loss: 0.3485, val Loss: 0.3594
New best model 💫💫 found.   loss: 0.3594
Epoch [9/10], Step [210/476], train Loss: 0.3485
Epoch [9/10], Step [220/476], train Loss: 0.3692
Epoch [9/10], Step [230/476], train Loss: 0.3601
Epoch [9/10], Step [240/476], train Loss: 0.3569
Epoch [9/10], Step [250/476], train Loss: 0.3601
Epoch [9/10], Step [260/476], train Loss: 0.3182
Epoch [9/10], Step [270/476], train Loss: 0.3867
Epoch [9/10], Step [280/476], train Loss: 0.3605
Epoch [9/10], Step [290/476], train Loss: 0.3462
Epoch [9/10], Step [300/476], train Loss: 0.3493, val Loss: 0.3554
New best model 💫💫 found.   loss: 0.3554
Epoch [9/10], Step [310/476], train Loss: 0.3411
Epoch [9/10], Step [320/476], train Loss: 0.3603
Epoch [9/10], Step [330/476], train Loss: 0.3500
Epoch [9/10], Step [340/476], train Loss: 0.3736
Epoch [9/10], Step [350/476], train Loss: 0.3721
Epoch [9/10], Step [360/476], train Loss: 0.3355
Epoch [9/10], Step [370/476], train Loss: 0.3517
Epoch [9/10], Step [380/476], train Loss: 0.3884
Epoch [9/10], Step [390/476], train Loss: 0.4120
Epoch [9/10], Step [400/476], train Loss: 0.3706, val Loss: 0.3564
Epoch [9/10], Step [410/476], train Loss: 0.3315
Epoch [9/10], Step [420/476], train Loss: 0.3235
Epoch [9/10], Step [430/476], train Loss: 0.3321
Epoch [9/10], Step [440/476], train Loss: 0.3576
Epoch [9/10], Step [450/476], train Loss: 0.3569
Epoch [9/10], Step [460/476], train Loss: 0.3582
Epoch [9/10], Step [470/476], train Loss: 0.3702
Epoch [10/10], Step [10/476], train Loss: 0.3710
Epoch [10/10], Step [20/476], train Loss: 0.3249
Epoch [10/10], Step [30/476], train Loss: 0.3648
Epoch [10/10], Step [40/476], train Loss: 0.3399
Epoch [10/10], Step [50/476], train Loss: 0.3940
Epoch [10/10], Step [60/476], train Loss: 0.3771
Epoch [10/10], Step [70/476], train Loss: 0.3621
Epoch [10/10], Step [80/476], train Loss: 0.3403
Epoch [10/10], Step [90/476], train Loss: 0.3206
Epoch [10/10], Step [100/476], train Loss: 0.3495, val Loss: 0.3535
New best model 💫💫 found.   loss: 0.3535
Epoch [10/10], Step [110/476], train Loss: 0.3498
Epoch [10/10], Step [120/476], train Loss: 0.3183
Epoch [10/10], Step [130/476], train Loss: 0.3251
Epoch [10/10], Step [140/476], train Loss: 0.3525
Epoch [10/10], Step [150/476], train Loss: 0.3673
Epoch [10/10], Step [160/476], train Loss: 0.3490
Epoch [10/10], Step [170/476], train Loss: 0.3476
Epoch [10/10], Step [180/476], train Loss: 0.3532
Epoch [10/10], Step [190/476], train Loss: 0.3553
Epoch [10/10], Step [200/476], train Loss: 0.3286, val Loss: 0.3471
New best model 💫💫 found.   loss: 0.3471
Epoch [10/10], Step [210/476], train Loss: 0.3451
Epoch [10/10], Step [220/476], train Loss: 0.3195
Epoch [10/10], Step [230/476], train Loss: 0.3481
Epoch [10/10], Step [240/476], train Loss: 0.3351
Epoch [10/10], Step [250/476], train Loss: 0.3408
Epoch [10/10], Step [260/476], train Loss: 0.3680
Epoch [10/10], Step [270/476], train Loss: 0.3318
Epoch [10/10], Step [280/476], train Loss: 0.3314
Epoch [10/10], Step [290/476], train Loss: 0.3384
Epoch [10/10], Step [300/476], train Loss: 0.2954, val Loss: 0.3468
New best model 💫💫 found.   loss: 0.3468
Epoch [10/10], Step [310/476], train Loss: 0.3426
Epoch [10/10], Step [320/476], train Loss: 0.3236
Epoch [10/10], Step [330/476], train Loss: 0.3782
Epoch [10/10], Step [340/476], train Loss: 0.3741
Epoch [10/10], Step [350/476], train Loss: 0.3398
Epoch [10/10], Step [360/476], train Loss: 0.3549
Epoch [10/10], Step [370/476], train Loss: 0.3420
Epoch [10/10], Step [380/476], train Loss: 0.3256
Epoch [10/10], Step [390/476], train Loss: 0.3816
Epoch [10/10], Step [400/476], train Loss: 0.3631, val Loss: 0.3419
New best model 💫💫 found.   loss: 0.3419
Epoch [10/10], Step [410/476], train Loss: 0.3628
Epoch [10/10], Step [420/476], train Loss: 0.3574
Epoch [10/10], Step [430/476], train Loss: 0.3225
Epoch [10/10], Step [440/476], train Loss: 0.3154
Epoch [10/10], Step [450/476], train Loss: 0.3448
Epoch [10/10], Step [460/476], train Loss: 0.3553
Epoch [10/10], Step [470/476], train Loss: 0.3311